<?xml version="1.0" encoding="UTF-8"?>
<!-- Generated by org.testng.reporters.JUnitXMLReporter -->
<testsuite hostname="LAPTOP-BT0NRO40" ignored="0" name="Test" tests="4" failures="1" timestamp="05 Apr 2022 06:08:46 GMT" time="14.123" errors="0">
  <testcase name="tc" time="11.632" classname="org.sample.ClassC"/>
  <testcase name="test7" time="0.0" classname="org.sample.ClassC">
    <failure type="org.testng.TestNGException" message="
Parameter &amp;apos;Emailadd&amp;apos; is required by @Test on method test7 but has not been marked @Optional or defined
in C:\Users\senth\eclipse-workspace1\Samptn\testng.xml">
      <![CDATA[org.testng.TestNGException: 
Parameter 'Emailadd' is required by @Test on method test7 but has not been marked @Optional or defined
in C:\Users\senth\eclipse-workspace1\Samptn\testng.xml
... Removed 24 stack frames]]>
    </failure>
  </testcase> <!-- test7 -->
  <testcase name="test9" time="0.008" classname="org.sample.ClassC"/>
  <testcase name="test4" time="0.0" classname="org.sample.ClassB">
    <skipped/>
  </testcase> <!-- test4 -->
</testsuite> <!-- Test -->
